<?xml version="1.0" encoding="UTF-8"?>
<coverage generated="1763417833270" clover="3.2.0">
  <project timestamp="1763417833270" name="All files">
    <metrics statements="12" coveredstatements="12" conditionals="0" coveredconditionals="0" methods="0" coveredmethods="0" elements="12" coveredelements="12" complexity="0" loc="12" ncloc="12" packages="1" files="1" classes="1"/>
    <file name="test-auth.module.ts" path="/Users/jorge/Library/CloudStorage/OneDrive-UNIVERSIDADDEGRANADA/Cloud_Computing/dexo_app/dexo-backend/apps/auth/test/test-auth.module.ts">
      <metrics statements="12" coveredstatements="12" conditionals="0" coveredconditionals="0" methods="0" coveredmethods="0"/>
      <line num="1" count="1" type="stmt"/>
      <line num="2" count="1" type="stmt"/>
      <line num="3" count="1" type="stmt"/>
      <line num="4" count="1" type="stmt"/>
      <line num="5" count="1" type="stmt"/>
      <line num="8" count="1" type="stmt"/>
      <line num="11" count="1" type="stmt"/>
      <line num="12" count="1" type="stmt"/>
      <line num="13" count="1" type="stmt"/>
      <line num="14" count="1" type="stmt"/>
      <line num="17" count="1" type="stmt"/>
      <line num="57" count="1" type="stmt"/>
    </file>
  </project>
</coverage>
