{"/Users/jorge/Library/CloudStorage/OneDrive-UNIVERSIDADDEGRANADA/Cloud_Computing/dexo_app/dexo-backend/apps/auth/test/test-auth.module.ts": {"path":"/Users/jorge/Library/CloudStorage/OneDrive-UNIVERSIDADDEGRANADA/Cloud_Computing/dexo_app/dexo-backend/apps/auth/test/test-auth.module.ts","statementMap":{"0":{"start":{"line":1,"column":0},"end":{"line":1,"column":40}},"1":{"start":{"line":2,"column":0},"end":{"line":2,"column":46}},"2":{"start":{"line":3,"column":0},"end":{"line":3,"column":48}},"3":{"start":{"line":4,"column":0},"end":{"line":4,"column":40}},"4":{"start":{"line":5,"column":0},"end":{"line":5,"column":50}},"5":{"start":{"line":8,"column":0},"end":{"line":8,"column":72}},"6":{"start":{"line":11,"column":0},"end":{"line":11,"column":67}},"7":{"start":{"line":12,"column":0},"end":{"line":12,"column":67}},"8":{"start":{"line":13,"column":0},"end":{"line":13,"column":65}},"9":{"start":{"line":14,"column":0},"end":{"line":14,"column":87}},"10":{"start":{"line":17,"column":0},"end":{"line":17,"column":59}},"11":{"start":{"line":57,"column":7},"end":{"line":57,"column":null}},"12":{"start":{"line":57,"column":13},"end":{"line":57,"column":27}},"13":{"start":{"line":57,"column":13},"end":{"line":57,"column":null}}},"fnMap":{},"branchMap":{},"s":{"0":1,"1":1,"2":1,"3":1,"4":1,"5":1,"6":1,"7":1,"8":1,"9":1,"10":1,"11":1,"12":1,"13":1},"f":{},"b":{}}
}
